2025-11-12 17:40:27 - Script started. Command: Hey Google, Turn Fireplace ON
2025-11-12 17:40:27 - Fireplace ON - Starting loop (4 iterations)
2025-11-12 17:40:27 - Fireplace ON - Iteration 1 of 4 - Starting command
2025-11-12 17:40:27 - Fireplace ON - Iteration 1 of 4 - Command completed
2025-11-12 17:40:27 - Fireplace ON - Waiting 300ms before next iteration
2025-11-12 17:40:27 - Fireplace ON - Iteration 2 of 4 - Starting command
2025-11-12 17:40:28 - Fireplace ON - Iteration 2 of 4 - Command completed
2025-11-12 17:40:28 - Fireplace ON - Waiting 300ms before next iteration
2025-11-12 17:40:28 - Fireplace ON - Iteration 3 of 4 - Starting command
2025-11-12 17:40:29 - Fireplace ON - Iteration 3 of 4 - Command completed
2025-11-12 17:40:29 - Fireplace ON - Waiting 300ms before next iteration
2025-11-12 17:40:29 - Fireplace ON - Iteration 4 of 4 - Starting command
2025-11-12 17:40:30 - Fireplace ON - Iteration 4 of 4 - Command completed
2025-11-12 17:40:30 - Fireplace ON - Loop completed (all 4 iterations)
2025-11-12 17:40:30 - Script ending
2025-11-12 17:40:49 - Script started. Command: Hey Google, Turn Fireplace OFF
2025-11-12 17:40:49 - Fireplace OFF - Starting loop (4 iterations)
2025-11-12 17:40:49 - Fireplace OFF - Iteration 1 of 4 - Starting command
2025-11-12 17:40:50 - Fireplace OFF - Iteration 1 of 4 - Command completed
2025-11-12 17:40:50 - Fireplace OFF - Waiting 300ms before next iteration
2025-11-12 17:40:50 - Fireplace OFF - Iteration 2 of 4 - Starting command
2025-11-12 17:40:50 - Fireplace OFF - Iteration 2 of 4 - Command completed
2025-11-12 17:40:50 - Fireplace OFF - Waiting 300ms before next iteration
2025-11-12 17:40:51 - Fireplace OFF - Iteration 3 of 4 - Starting command
2025-11-12 17:40:51 - Fireplace OFF - Iteration 3 of 4 - Command completed
2025-11-12 17:40:51 - Fireplace OFF - Waiting 300ms before next iteration
2025-11-12 17:40:52 - Fireplace OFF - Iteration 4 of 4 - Starting command
2025-11-12 17:40:52 - Fireplace OFF - Iteration 4 of 4 - Command completed
2025-11-12 17:40:52 - Fireplace OFF - Loop completed (all 4 iterations)
2025-11-12 17:40:52 - Script ending
2025-11-12 17:41:13 - Script started. Command: Hey Google, Turn Fireplace OFF
2025-11-12 17:41:13 - Fireplace OFF - Starting loop (4 iterations)
2025-11-12 17:41:13 - Fireplace OFF - Iteration 1 of 4 - Starting command
2025-11-12 17:41:14 - Fireplace OFF - Iteration 1 of 4 - Command completed
2025-11-12 17:41:14 - Fireplace OFF - Waiting 300ms before next iteration
2025-11-12 17:41:14 - Fireplace OFF - Iteration 2 of 4 - Starting command
2025-11-12 17:41:15 - Fireplace OFF - Iteration 2 of 4 - Command completed
2025-11-12 17:41:15 - Fireplace OFF - Waiting 300ms before next iteration
2025-11-12 17:41:15 - Fireplace OFF - Iteration 3 of 4 - Starting command
2025-11-12 17:41:16 - Fireplace OFF - Iteration 3 of 4 - Command completed
2025-11-12 17:41:16 - Fireplace OFF - Waiting 300ms before next iteration
2025-11-12 17:41:16 - Fireplace OFF - Iteration 4 of 4 - Starting command
2025-11-12 17:41:17 - Fireplace OFF - Iteration 4 of 4 - Command completed
2025-11-12 17:41:17 - Fireplace OFF - Loop completed (all 4 iterations)
2025-11-12 17:41:17 - Script ending
2025-11-12 17:41:52 - Script started. Command: Hey Google, Turn Fireplace ON
2025-11-12 17:41:52 - Fireplace ON - Starting loop (4 iterations)
2025-11-12 17:41:52 - Fireplace ON - Iteration 1 of 4 - Starting command
2025-11-12 17:41:52 - Fireplace ON - Iteration 1 of 4 - Command completed
2025-11-12 17:41:52 - Fireplace ON - Waiting 300ms before next iteration
2025-11-12 17:41:53 - Fireplace ON - Iteration 2 of 4 - Starting command
2025-11-12 17:41:53 - Fireplace ON - Iteration 2 of 4 - Command completed
2025-11-12 17:41:53 - Fireplace ON - Waiting 300ms before next iteration
2025-11-12 17:41:53 - Fireplace ON - Iteration 3 of 4 - Starting command
2025-11-12 17:41:54 - Fireplace ON - Iteration 3 of 4 - Command completed
2025-11-12 17:41:54 - Fireplace ON - Waiting 300ms before next iteration
2025-11-12 17:41:54 - Fireplace ON - Iteration 4 of 4 - Starting command
2025-11-12 17:41:55 - Fireplace ON - Iteration 4 of 4 - Command completed
2025-11-12 17:41:55 - Fireplace ON - Loop completed (all 4 iterations)
2025-11-12 17:41:55 - Script ending
2025-11-12 17:42:11 - Script started. Command: Hey Google, Turn Fireplace ON
2025-11-12 17:42:11 - Fireplace ON - Starting loop (4 iterations)
2025-11-12 17:42:11 - Fireplace ON - Iteration 1 of 4 - Starting command
2025-11-12 17:42:12 - Fireplace ON - Iteration 1 of 4 - Command completed
2025-11-12 17:42:12 - Fireplace ON - Waiting 300ms before next iteration
2025-11-12 17:42:12 - Fireplace ON - Iteration 2 of 4 - Starting command
2025-11-12 17:42:13 - Fireplace ON - Iteration 2 of 4 - Command completed
2025-11-12 17:42:13 - Fireplace ON - Waiting 300ms before next iteration
2025-11-12 17:42:13 - Fireplace ON - Iteration 3 of 4 - Starting command
2025-11-12 17:42:14 - Fireplace ON - Iteration 3 of 4 - Command completed
2025-11-12 17:42:14 - Fireplace ON - Waiting 300ms before next iteration
2025-11-12 17:42:14 - Fireplace ON - Iteration 4 of 4 - Starting command
2025-11-12 17:42:15 - Fireplace ON - Iteration 4 of 4 - Command completed
2025-11-12 17:42:15 - Fireplace ON - Loop completed (all 4 iterations)
2025-11-12 17:42:15 - Script ending
2025-11-12 17:42:37 - Script started. Command: Hey Google, Turn Fireplace OFF
2025-11-12 17:42:37 - Fireplace OFF - Starting loop (4 iterations)
2025-11-12 17:42:37 - Fireplace OFF - Iteration 1 of 4 - Starting command
2025-11-12 17:42:38 - Fireplace OFF - Iteration 1 of 4 - Command completed
2025-11-12 17:42:38 - Fireplace OFF - Waiting 300ms before next iteration
2025-11-12 17:42:38 - Fireplace OFF - Iteration 2 of 4 - Starting command
2025-11-12 17:42:39 - Fireplace OFF - Iteration 2 of 4 - Command completed
2025-11-12 17:42:39 - Fireplace OFF - Waiting 300ms before next iteration
2025-11-12 17:42:39 - Fireplace OFF - Iteration 3 of 4 - Starting command
2025-11-12 17:42:40 - Fireplace OFF - Iteration 3 of 4 - Command completed
2025-11-12 17:42:40 - Fireplace OFF - Waiting 300ms before next iteration
2025-11-12 17:42:40 - Fireplace OFF - Iteration 4 of 4 - Starting command
2025-11-12 17:42:41 - Fireplace OFF - Iteration 4 of 4 - Command completed
2025-11-12 17:42:41 - Fireplace OFF - Loop completed (all 4 iterations)
2025-11-12 17:42:41 - Script ending
2025-11-12 17:42:58 - Script started. Command: Hey Google, Turn Fireplace OFF
2025-11-12 17:42:58 - Fireplace OFF - Starting loop (4 iterations)
2025-11-12 17:42:58 - Fireplace OFF - Iteration 1 of 4 - Starting command
2025-11-12 17:42:59 - Fireplace OFF - Iteration 1 of 4 - Command completed
2025-11-12 17:42:59 - Fireplace OFF - Waiting 300ms before next iteration
2025-11-12 17:42:59 - Fireplace OFF - Iteration 2 of 4 - Starting command
2025-11-12 17:42:59 - Fireplace OFF - Iteration 2 of 4 - Command completed
2025-11-12 17:42:59 - Fireplace OFF - Waiting 300ms before next iteration
2025-11-12 17:43:00 - Fireplace OFF - Iteration 3 of 4 - Starting command
2025-11-12 17:43:00 - Fireplace OFF - Iteration 3 of 4 - Command completed
2025-11-12 17:43:00 - Fireplace OFF - Waiting 300ms before next iteration
2025-11-12 17:43:01 - Fireplace OFF - Iteration 4 of 4 - Starting command
2025-11-12 17:43:01 - Fireplace OFF - Iteration 4 of 4 - Command completed
2025-11-12 17:43:01 - Fireplace OFF - Loop completed (all 4 iterations)
2025-11-12 17:43:01 - Script ending
